<?xml version="1.0" ?>
<coverage version="7.6.12" timestamp="1741706344396" lines-valid="9" lines-covered="6" line-rate="0.6667" branches-covered="0" branches-valid="0" branch-rate="0" complexity="0">
	<!-- Generated by coverage.py: https://coverage.readthedocs.io/en/7.6.12 -->
	<!-- Based on https://raw.githubusercontent.com/cobertura/web/master/htdocs/xml/coverage-04.dtd -->
	<sources>
		<source>/home/omstavan/software_carpentry_course/python-intermediate-inflammation</source>
	</sources>
	<packages>
		<package name="inflammation" line-rate="0.6667" branch-rate="0" complexity="0">
			<classes>
				<class name="models.py" filename="inflammation/models.py" complexity="0" line-rate="0.6667" branch-rate="0">
					<methods/>
					<lines>
						<line number="10" hits="1"/>
						<line number="13" hits="1"/>
						<line number="18" hits="0"/>
						<line number="21" hits="1"/>
						<line number="23" hits="1"/>
						<line number="26" hits="1"/>
						<line number="28" hits="0"/>
						<line number="31" hits="1"/>
						<line number="33" hits="0"/>
					</lines>
				</class>
			</classes>
		</package>
	</packages>
</coverage>
